SF:lib/support/control_values_and_color.dart
DA:18,3
DA:22,1
DA:28,1
DA:29,3
DA:31,0
DA:33,0
DA:41,3
DA:47,3
DA:52,3
DA:57,3
DA:62,3
DA:67,3
DA:72,3
DA:77,3
DA:83,3
DA:89,3
DA:94,3
DA:99,3
DA:104,3
DA:109,3
DA:114,3
DA:119,3
DA:124,3
DA:129,3
DA:134,3
DA:139,3
DA:144,3
DA:149,3
DA:154,3
DA:158,3
DA:161,3
DA:164,3
DA:169,3
DA:174,3
DA:180,3
DA:186,3
DA:192,3
DA:198,3
DA:204,3
DA:209,3
DA:210,1
DA:211,1
DA:212,1
DA:213,1
DA:214,1
DA:215,1
DA:216,1
DA:217,1
DA:218,1
DA:219,1
DA:220,1
DA:221,1
DA:222,1
DA:223,1
DA:224,1
DA:225,1
DA:226,1
DA:227,1
DA:228,1
DA:229,1
DA:230,1
DA:231,1
DA:232,1
DA:233,1
DA:234,1
DA:235,1
DA:236,1
DA:237,1
DA:238,1
DA:239,1
DA:240,1
DA:241,1
DA:245,1
DA:246,1
DA:247,2
DA:248,2
DA:254,0
DA:255,0
DA:259,1
DA:260,2
DA:263,1
DA:266,1
DA:269,1
DA:270,1
DA:298,2
DA:308,2
DA:319,3
DA:322,1
DA:327,1
DA:344,0
DA:345,0
DA:347,1
DA:348,1
DA:349,2
DA:350,2
DA:351,2
DA:352,2
DA:353,2
DA:354,2
DA:355,2
DA:356,2
DA:357,2
DA:358,2
DA:359,2
DA:360,2
DA:361,2
DA:362,2
DA:368,2
DA:370,1
DA:372,1
DA:373,2
DA:374,2
DA:375,2
DA:376,2
DA:377,2
DA:378,2
DA:380,1
DA:383,3
DA:384,1
DA:387,1
LF:120
LH:114
end_of_record
SF:lib/authentication.dart
DA:47,0
DA:48,0
DA:50,0
DA:52,0
DA:73,1
DA:75,1
DA:77,1
DA:79,3
DA:80,0
DA:84,1
DA:89,1
DA:91,1
DA:93,1
DA:94,1
DA:95,0
DA:96,0
DA:100,1
DA:101,1
DA:102,2
DA:104,1
DA:105,1
DA:106,2
DA:120,0
DA:121,0
DA:122,0
DA:123,0
DA:124,0
DA:126,0
DA:127,0
DA:134,2
DA:136,1
DA:137,1
DA:154,0
DA:156,0
DA:157,0
DA:160,0
DA:163,1
DA:166,1
DA:169,1
DA:171,1
DA:172,1
DA:175,1
DA:179,0
DA:180,4
DA:185,0
DA:186,0
DA:187,0
DA:188,0
DA:189,0
DA:192,0
DA:193,0
DA:195,0
DA:197,0
DA:200,0
DA:201,0
DA:203,0
DA:207,0
DA:209,0
DA:211,0
DA:213,0
DA:215,0
DA:216,0
DA:221,1
DA:222,2
DA:229,1
DA:230,2
DA:233,0
DA:236,0
DA:238,0
DA:242,0
DA:249,0
DA:251,0
DA:252,0
DA:253,0
DA:258,0
DA:259,0
DA:261,0
DA:266,0
DA:267,0
DA:271,0
DA:272,0
DA:276,0
DA:279,0
DA:281,0
DA:282,0
DA:283,0
DA:286,0
DA:287,0
DA:289,0
DA:291,0
DA:296,1
DA:297,2
DA:298,0
DA:299,0
DA:300,0
DA:304,0
DA:306,0
DA:307,0
DA:313,1
DA:315,1
DA:316,1
DA:319,1
DA:320,2
DA:321,0
DA:324,2
DA:327,2
DA:328,2
DA:332,0
DA:333,0
DA:334,0
LF:110
LH:39
end_of_record
SF:lib/bottom_nav.dart
DA:15,2
DA:17,1
DA:18,1
DA:21,1
DA:27,3
DA:34,0
DA:37,0
DA:40,0
DA:44,0
DA:46,0
DA:47,0
DA:48,0
DA:49,0
DA:51,0
DA:52,0
DA:53,0
DA:55,0
DA:56,0
DA:57,0
DA:58,0
DA:62,0
DA:65,1
DA:67,1
DA:68,2
DA:69,2
DA:70,2
DA:71,1
DA:75,1
DA:77,2
DA:78,1
DA:82,0
DA:87,0
DA:88,0
DA:89,0
DA:90,0
DA:91,0
DA:92,0
DA:97,1
DA:106,1
DA:107,1
DA:108,1
DA:109,1
DA:111,1
DA:112,0
DA:113,0
DA:115,0
DA:116,0
DA:119,1
DA:121,1
DA:122,1
DA:123,1
DA:124,1
DA:126,1
DA:127,1
DA:129,0
DA:130,0
DA:132,0
DA:138,1
DA:142,0
DA:143,0
DA:145,0
DA:152,1
DA:153,2
DA:154,1
DA:156,1
DA:157,1
DA:158,1
DA:160,2
DA:161,1
DA:164,0
DA:170,1
DA:172,1
DA:193,2
DA:194,1
LF:74
LH:40
end_of_record
SF:lib/main.dart
DA:10,0
DA:18,0
DA:19,0
DA:21,0
DA:24,1
DA:25,2
DA:26,0
DA:30,3
DA:32,1
DA:33,1
DA:37,1
DA:39,1
DA:40,1
DA:43,1
DA:45,1
DA:46,1
DA:47,1
DA:48,1
DA:49,1
DA:54,1
LF:20
LH:15
end_of_record
SF:lib/pages/help.dart
DA:6,2
DA:8,1
DA:10,1
DA:11,1
DA:15,1
DA:16,1
DA:18,1
DA:19,1
DA:21,1
DA:22,1
DA:25,1
DA:27,1
DA:30,1
DA:31,0
DA:36,1
DA:37,1
DA:39,1
DA:40,1
DA:43,1
DA:45,1
DA:48,1
DA:50,1
DA:51,1
DA:52,1
DA:53,1
DA:54,1
LF:26
LH:25
end_of_record
SF:lib/pages/instances.dart
DA:5,2
DA:7,3
DA:11,0
DA:12,0
DA:15,0
DA:17,0
DA:18,0
DA:19,0
DA:20,0
DA:21,0
DA:22,0
DA:24,0
DA:28,1
DA:29,1
DA:33,1
DA:35,1
DA:36,1
DA:37,1
DA:39,1
DA:41,1
DA:46,1
DA:50,1
DA:53,0
DA:55,0
DA:56,0
DA:58,1
DA:59,2
DA:60,1
DA:62,1
DA:64,1
DA:69,1
DA:70,1
DA:71,1
DA:72,1
DA:74,1
DA:75,1
DA:80,0
DA:94,0
DA:97,0
DA:99,0
DA:100,0
DA:104,0
DA:106,0
DA:107,0
DA:111,0
DA:112,0
DA:113,0
DA:114,0
DA:115,0
DA:116,0
DA:117,0
DA:121,0
DA:128,0
DA:129,0
DA:132,0
DA:135,0
DA:141,0
DA:143,0
DA:144,0
DA:145,0
DA:146,0
DA:148,0
DA:149,0
DA:151,0
DA:152,0
LF:65
LH:23
end_of_record
SF:lib/pages/lb_logbook.dart
DA:16,0
DA:19,0
DA:24,0
DA:28,0
DA:30,0
DA:31,0
DA:35,0
DA:37,0
DA:38,0
DA:39,0
DA:41,0
DA:43,0
DA:44,0
DA:45,0
DA:47,0
DA:48,0
DA:49,0
DA:51,0
DA:54,0
DA:55,0
DA:56,0
DA:57,0
DA:61,0
DA:67,0
DA:71,0
DA:72,0
DA:73,0
DA:75,0
DA:76,0
DA:77,0
DA:78,0
DA:79,0
DA:80,0
DA:82,0
DA:85,0
DA:91,0
DA:100,2
DA:102,3
DA:107,0
DA:108,0
DA:109,0
DA:113,0
DA:114,0
DA:115,0
DA:116,0
DA:119,0
DA:120,0
DA:123,0
DA:124,0
DA:126,0
DA:128,0
DA:129,0
DA:130,0
DA:132,0
DA:136,0
DA:139,0
DA:140,0
DA:144,0
DA:146,0
DA:147,0
DA:149,0
DA:151,0
DA:152,0
DA:154,0
DA:155,0
DA:157,0
DA:160,0
DA:161,0
DA:163,0
DA:164,0
DA:166,0
DA:170,0
DA:173,0
DA:174,0
DA:177,1
DA:178,1
DA:182,0
DA:186,0
DA:187,0
DA:190,0
DA:191,0
DA:194,1
DA:196,1
DA:197,1
DA:198,1
DA:200,1
DA:201,1
DA:202,1
DA:203,1
DA:204,2
DA:205,1
DA:206,1
DA:215,0
DA:216,0
DA:217,0
DA:218,0
DA:219,0
DA:220,0
DA:222,0
DA:223,0
DA:224,0
DA:226,0
DA:228,0
LF:103
LH:15
end_of_record
SF:lib/pages/preferences.dart
DA:7,1
DA:8,3
DA:10,3
DA:12,2
DA:13,0
DA:14,0
DA:15,0
DA:17,0
DA:18,0
DA:24,1
DA:25,2
DA:27,0
DA:28,0
DA:34,2
DA:36,1
DA:37,1
DA:43,1
DA:45,1
DA:46,1
DA:49,1
DA:50,1
DA:51,1
DA:53,1
DA:54,1
DA:56,1
DA:57,1
DA:61,1
DA:63,1
DA:65,1
DA:66,1
DA:67,1
DA:69,1
DA:71,1
DA:72,2
DA:73,2
DA:76,2
DA:77,1
DA:80,2
DA:81,1
DA:82,2
DA:90,1
DA:92,1
DA:93,1
DA:94,3
DA:96,2
DA:97,1
DA:99,2
DA:100,2
DA:101,2
DA:105,1
DA:106,3
DA:108,2
DA:109,1
DA:111,2
DA:112,2
DA:113,2
DA:119,1
DA:121,1
DA:122,1
DA:124,1
DA:125,1
DA:139,1
DA:154,1
DA:155,3
DA:157,1
DA:158,0
DA:159,0
LF:67
LH:58
end_of_record
SF:lib/support/alert.dart
DA:8,1
DA:9,2
DA:12,1
DA:13,2
DA:17,0
DA:18,0
DA:22,0
DA:25,0
DA:26,0
DA:27,0
DA:28,0
DA:30,0
DA:33,0
DA:34,0
DA:40,0
DA:41,0
DA:42,0
DA:43,0
DA:46,1
DA:48,1
DA:49,1
DA:50,1
DA:52,1
DA:53,1
DA:57,0
DA:58,0
DA:64,0
DA:68,0
DA:70,0
DA:73,0
DA:77,0
DA:80,0
DA:81,0
DA:82,0
DA:83,0
DA:84,0
DA:85,0
DA:86,0
DA:90,0
DA:91,0
DA:93,0
DA:94,0
DA:95,0
DA:104,1
DA:108,0
DA:110,2
DA:113,2
DA:117,1
DA:120,1
DA:121,1
DA:122,1
DA:123,1
DA:124,1
DA:125,1
DA:126,1
DA:130,1
DA:131,1
DA:133,0
DA:134,0
DA:135,0
DA:144,1
DA:147,0
DA:149,2
DA:152,2
DA:157,1
DA:160,1
DA:161,1
DA:162,1
DA:163,1
DA:164,1
DA:165,1
DA:166,1
DA:170,1
DA:171,1
DA:173,0
DA:176,0
DA:179,1
DA:181,0
DA:182,0
DA:183,0
LF:80
LH:37
end_of_record
SF:lib/support/settings.dart
DA:17,3
DA:19,2
DA:20,3
DA:23,3
DA:25,1
DA:42,3
LF:6
LH:6
end_of_record
SF:lib/pages/control_panel.dart
DA:12,0
DA:13,0
DA:15,0
DA:16,0
DA:18,0
DA:21,0
DA:22,0
DA:24,0
DA:25,0
DA:27,0
DA:30,0
DA:35,0
DA:36,0
DA:37,0
DA:43,0
DA:44,0
DA:45,0
DA:46,0
DA:48,0
DA:54,0
DA:64,2
DA:68,1
DA:69,1
DA:70,0
DA:73,1
DA:74,1
DA:77,1
DA:79,1
DA:81,1
DA:82,1
DA:83,1
DA:102,1
DA:104,1
DA:105,1
DA:106,2
DA:121,1
DA:126,1
DA:128,1
DA:132,1
DA:133,3
DA:136,1
DA:137,1
DA:139,3
DA:140,1
DA:142,1
DA:146,1
DA:147,1
DA:148,1
DA:149,1
DA:154,1
DA:155,1
DA:156,1
DA:159,1
DA:160,1
DA:161,1
DA:162,1
DA:163,1
DA:164,1
DA:165,3
DA:166,1
DA:167,3
DA:168,1
DA:169,3
DA:170,1
DA:171,3
DA:172,1
DA:173,1
DA:175,1
DA:176,5
DA:177,1
DA:179,1
DA:180,5
DA:198,1
DA:203,1
DA:205,0
DA:206,1
DA:208,1
DA:209,1
DA:210,1
DA:211,6
DA:213,2
DA:215,1
DA:216,1
DA:217,1
DA:220,1
DA:222,1
DA:223,1
DA:224,1
DA:226,1
DA:234,1
DA:235,1
DA:236,1
DA:237,5
DA:239,1
DA:252,2
DA:254,1
DA:255,1
DA:259,1
DA:261,1
DA:262,1
DA:263,1
DA:264,1
DA:266,1
DA:267,1
DA:268,2
DA:275,1
DA:276,1
DA:277,1
DA:278,1
DA:279,1
DA:281,2
DA:291,1
DA:292,1
DA:294,1
DA:295,1
DA:296,1
DA:298,1
DA:299,1
DA:300,1
DA:303,2
DA:305,0
DA:306,0
DA:307,2
DA:308,2
DA:312,1
DA:313,1
DA:315,1
DA:316,2
DA:317,2
DA:318,2
DA:319,2
DA:332,1
DA:334,1
DA:335,1
DA:339,1
DA:341,1
DA:343,1
DA:344,1
DA:345,1
DA:347,1
DA:348,2
DA:349,2
DA:350,2
DA:351,2
DA:352,2
DA:353,2
DA:354,2
DA:358,1
DA:359,1
DA:361,1
DA:362,2
DA:363,2
DA:364,2
DA:365,2
DA:366,2
DA:367,2
DA:368,2
DA:378,1
DA:380,0
DA:381,0
DA:385,0
DA:388,0
DA:389,0
DA:390,0
DA:391,0
DA:393,0
DA:394,0
DA:398,0
DA:399,0
DA:403,0
DA:410,0
DA:412,0
DA:413,0
DA:414,0
DA:415,0
DA:420,0
DA:421,0
DA:422,0
DA:423,0
DA:424,0
LF:180
LH:134
end_of_record
SF:lib/support/data_getter.dart
DA:19,2
DA:24,1
DA:27,1
DA:30,2
DA:34,0
DA:37,1
DA:43,0
DA:46,0
DA:47,0
DA:50,0
DA:51,0
DA:54,0
DA:55,0
DA:58,0
DA:61,0
DA:65,0
DA:68,0
DA:70,0
DA:72,0
DA:77,0
DA:81,0
DA:82,0
DA:88,0
DA:89,0
DA:91,0
DA:95,0
DA:97,0
DA:99,0
DA:100,0
DA:103,1
DA:107,1
DA:110,3
DA:112,0
DA:113,0
DA:116,0
DA:117,0
DA:119,2
DA:121,2
DA:122,0
DA:125,1
LF:40
LH:11
end_of_record
SF:lib/support/gauge.dart
DA:26,1
DA:37,4
DA:38,4
DA:39,1
DA:41,1
DA:42,1
DA:46,1
DA:48,2
DA:50,1
DA:51,1
DA:52,3
DA:53,3
DA:54,3
DA:55,3
DA:59,1
DA:68,1
DA:69,1
DA:77,1
DA:80,1
DA:81,3
DA:82,1
DA:83,1
DA:84,7
DA:86,1
DA:91,1
DA:92,1
DA:93,1
DA:96,1
DA:97,1
DA:100,1
DA:102,1
DA:104,1
DA:105,1
DA:106,2
DA:107,2
DA:108,2
DA:110,2
DA:111,2
DA:112,1
DA:113,2
DA:114,1
DA:116,2
DA:117,2
DA:118,1
DA:121,2
DA:122,1
DA:124,4
DA:125,1
DA:126,1
DA:129,4
DA:136,1
DA:139,1
DA:140,2
DA:141,1
DA:142,3
DA:143,1
DA:144,1
DA:146,1
DA:154,1
DA:155,1
DA:160,1
DA:161,1
DA:164,1
DA:168,1
DA:169,1
DA:170,2
DA:171,1
DA:173,3
DA:174,0
DA:183,1
DA:187,1
DA:188,1
DA:189,1
DA:190,1
DA:194,1
DA:195,1
DA:196,1
DA:199,1
DA:200,1
DA:201,1
DA:203,2
DA:206,3
DA:208,0
DA:209,0
DA:210,0
DA:212,0
DA:217,1
DA:218,1
DA:219,1
DA:221,4
DA:222,1
DA:223,1
DA:224,1
DA:225,2
DA:226,1
DA:227,1
DA:228,1
DA:229,1
DA:230,5
DA:231,1
DA:232,2
DA:233,1
DA:234,1
DA:235,1
DA:236,1
DA:237,5
DA:238,1
DA:240,3
DA:246,3
DA:247,3
DA:248,2
DA:253,1
DA:254,3
DA:255,1
DA:256,3
DA:257,1
DA:260,2
DA:261,1
DA:262,3
DA:263,1
DA:264,3
DA:265,1
DA:267,1
DA:268,2
DA:269,1
DA:270,1
DA:272,1
DA:273,1
DA:274,1
DA:275,1
DA:276,2
DA:278,5
DA:279,1
DA:281,4
DA:287,1
LF:135
LH:130
end_of_record
